<?xml version="1.0" encoding="UTF-8"?>
<testng-results skipped="0" failed="0" total="1" passed="1">
  <reporter-output>
  </reporter-output>
  <suite name="Mail" duration-ms="4833" started-at="2020-07-30T10:38:29Z" finished-at="2020-07-30T10:38:34Z">
    <groups>
    </groups>
    <test name="发送邮件" duration-ms="4833" started-at="2020-07-30T10:38:29Z" finished-at="2020-07-30T10:38:34Z">
      <class name="mail.testMail.Mail">
        <test-method status="PASS" signature="sendMail()[pri:0, instance:mail.testMail.Mail@523884b2]" name="sendMail" duration-ms="4798" started-at="2020-07-30T18:38:29Z" finished-at="2020-07-30T18:38:34Z">
          <reporter-output>
          </reporter-output>
        </test-method> <!-- sendMail -->
      </class> <!-- mail.testMail.Mail -->
    </test> <!-- 发送邮件 -->
  </suite> <!-- Mail -->
</testng-results>
